{
  "0 debug pnpm:scope": {
    "selected": 1
  },
  "1 debug pnpm:package-manifest": {
    "initial": {
      "name": "stream",
      "version": "1.0.0",
      "main": "index.js",
      "dependencies": {
        "@streamr/client": "^5.0.0",
        "express": "^4.17.1",
        "body-parser": "^1.19.0",
        "crypto": "^1.0.1",
        "zkp": "Replace_with_actual_zkp_library"
      }
    },
    "prefix": "/Users/faidhfeisal/OwnIt/stream"
  },
  "2 debug pnpm:context": {
    "currentLockfileExists": false,
    "storeDir": "/Users/faidhfeisal/.pnpm-store/v3",
    "virtualStoreDir": "/Users/faidhfeisal/OwnIt/stream/node_modules/.pnpm"
  },
  "3 debug pnpm:stage": {
    "prefix": "/Users/faidhfeisal/OwnIt/stream",
    "stage": "resolution_started"
  },
  "4 debug pnpm:_dependency_resolved": {
    "resolution": "registry.npmjs.org/body-parser/1.20.2",
    "wanted": {
      "dependentId": ".",
      "name": "body-parser",
      "rawSpec": "^1.19.0"
    }
  },
  "5 debug pnpm:progress": {
    "packageId": "registry.npmjs.org/body-parser/1.20.2",
    "requester": "/Users/faidhfeisal/OwnIt/stream",
    "status": "resolved"
  },
  "6 debug pnpm:progress": {
    "packageId": "registry.npmjs.org/body-parser/1.20.2",
    "requester": "/Users/faidhfeisal/OwnIt/stream",
    "status": "found_in_store"
  },
  "7 debug pnpm:_dependency_resolved": {
    "resolution": "registry.npmjs.org/express/4.19.2",
    "wanted": {
      "dependentId": ".",
      "name": "express",
      "rawSpec": "^4.17.1"
    }
  },
  "8 debug pnpm:progress": {
    "packageId": "registry.npmjs.org/express/4.19.2",
    "requester": "/Users/faidhfeisal/OwnIt/stream",
    "status": "resolved"
  },
  "9 debug pnpm:progress": {
    "packageId": "registry.npmjs.org/express/4.19.2",
    "requester": "/Users/faidhfeisal/OwnIt/stream",
    "status": "found_in_store"
  },
  "10 debug pnpm:update-check": {
    "currentVersion": "6.11.0",
    "latestVersion": "9.5.0"
  },
  "11 error pnpm": {
    "code": "ERR_PNPM_FETCH_404",
    "hint": "@streamr/client is not in the npm registry, or you have no permission to fetch it.\n\nAn authorization header was used: Bearer b4ce[hidden]",
    "request": {
      "authHeaderValue": "Bearer b4ce1301-f1e9-4471-af7f-4f65118f5cf4",
      "url": "https://registry.npmjs.org/@streamr%2Fclient"
    },
    "response": {
      "size": 0,
      "timeout": 60000
    },
    "pkgName": "@streamr/client",
    "pkgsStack": [],
    "err": {
      "name": "Error",
      "message": "GET https://registry.npmjs.org/@streamr%2Fclient: Not Found - 404",
      "code": "ERR_PNPM_FETCH_404",
      "stack": "Error: GET https://registry.npmjs.org/@streamr%2Fclient: Not Found - 404\n    at RetryOperation._fn (/Users/faidhfeisal/.node/corepack/pnpm/6.11.0/dist/pnpm.cjs:79604:18)\n    at processTicksAndRejections (internal/process/task_queues.js:95:5)"
    }
  }
}